<?xml version="1.0" encoding="UTF-8"?>
<!-- Generated by org.testng.reporters.JUnitReportReporter -->
<testsuite hostname="DESKTOP-HIR02G4" failures="0" tests="1" name="com.tests.Regression.Inventory.AddItemToCartFromProductHomeTest" time="25.494" errors="0" timestamp="2022-02-15T16:43:27 IST" skipped="0">
  <testcase classname="com.tests.Regression.Inventory.AddItemToCartFromProductHomeTest" name="test" time="25.494"/>
  <system-out/>
</testsuite> <!-- com.tests.Regression.Inventory.AddItemToCartFromProductHomeTest -->
