<?xml version="1.0" encoding="UTF-8"?>
<!-- Generated by org.testng.reporters.JUnitReportReporter -->
<testsuite hostname="DESKTOP-HIR02G4" failures="0" tests="3" name="interview.StringPermutation" time="0.024" errors="0" timestamp="2022-03-08T17:12:02 IST" skipped="0">
  <testcase classname="interview.StringPermutation" name="print100NoLoops" time="0.000"/>
  <system-out/>
  <testcase classname="interview.StringPermutation" name="numberRepeatingIndexesFirstTime" time="0.000"/>
  <system-out/>
  <testcase classname="interview.StringPermutation" name="RepeatingNumbers" time="0.024"/>
  <system-out/>
</testsuite> <!-- interview.StringPermutation -->
