<?xml version="1.0" encoding="UTF-8"?>
<!-- Generated by org.testng.reporters.JUnitReportReporter -->
<testsuite hostname="MSI" failures="0" tests="1" name="com.api.common.Inventory.Inventory" time="1.534" errors="0" timestamp="2022-02-13T23:12:26 IST" skipped="0">
  <testcase classname="com.api.common.Inventory.Inventory" name="createInventory" time="1.534"/>
  <system-out/>
</testsuite> <!-- com.api.common.Inventory.Inventory -->
