<?xml version="1.0" encoding="UTF-8"?>
<!-- Generated by org.testng.reporters.JUnitReportReporter -->
<testsuite hostname="DESKTOP-HIR02G4" failures="0" tests="1" name="com.tests.Regression.Inventory.AddItemToCartFromProductHomeTest" time="35.773" errors="0" timestamp="2022-03-03T19:28:06 IST" skipped="0">
  <testcase classname="com.tests.Regression.Inventory.AddItemToCartFromProductHomeTest" name="test" time="35.773"/>
  <system-out/>
</testsuite> <!-- com.tests.Regression.Inventory.AddItemToCartFromProductHomeTest -->
