<?xml version="1.0" encoding="UTF-8"?>
<!-- Generated by org.testng.reporters.JUnitReportReporter -->
<testsuite hostname="DESKTOP-HIR02G4" failures="0" tests="1" name="interview.FirstQuestion" time="0.010" errors="0" timestamp="2022-03-08T16:05:01 IST" skipped="0">
  <testcase classname="interview.FirstQuestion" name="leastDifferenceOfElements" time="0.010"/>
  <system-out/>
</testsuite> <!-- interview.FirstQuestion -->
