<?xml version="1.0" encoding="UTF-8"?>
<!-- Generated by org.testng.reporters.JUnitReportReporter -->
<testsuite hostname="DESKTOP-HIR02G4" failures="0" tests="1" name="com.tests.Regression.Inventory.AddItemToCartFromProductHomeTest2" time="56.968" errors="0" timestamp="2022-02-11T16:57:50 IST" skipped="0">
  <testcase classname="com.tests.Regression.Inventory.AddItemToCartFromProductHomeTest2" name="test" time="56.968"/>
  <system-out/>
</testsuite> <!-- com.tests.Regression.Inventory.AddItemToCartFromProductHomeTest2 -->
