<?xml version="1.0" encoding="UTF-8"?>
<!-- Generated by org.testng.reporters.JUnitReportReporter -->
<testsuite hostname="DESKTOP-HIR02G4" failures="1" tests="1" name="com.tests.Regression.Inventory.AddItemToCartFromProductHomeTest" time="83.031" errors="0" timestamp="2022-02-14T11:01:37 IST" skipped="0">
  <testcase classname="com.tests.Regression.Inventory.AddItemToCartFromProductHomeTest" name="test" time="83.031">
    <failure message="===========Script failed explicitly- AddItemToCartFromProductHomeTest" type="java.lang.AssertionError">
      <![CDATA[java.lang.AssertionError: ===========Script failed explicitly- AddItemToCartFromProductHomeTest
at org.testng.Assert.fail(Assert.java:99)
at com.tests.Regression.Inventory.AddItemToCartFromProductHomeTest.test(AddItemToCartFromProductHomeTest.java:50)
at java.base/jdk.internal.reflect.NativeMethodAccessorImpl.invoke0(Native Method)
at java.base/jdk.internal.reflect.NativeMethodAccessorImpl.invoke(NativeMethodAccessorImpl.java:62)
at java.base/jdk.internal.reflect.DelegatingMethodAccessorImpl.invoke(DelegatingMethodAccessorImpl.java:43)
at java.base/java.lang.reflect.Method.invoke(Method.java:566)
at org.testng.internal.MethodInvocationHelper.invokeMethod(MethodInvocationHelper.java:133)
at org.testng.internal.TestInvoker.invokeMethod(TestInvoker.java:598)
at org.testng.internal.TestInvoker.invokeTestMethod(TestInvoker.java:173)
at org.testng.internal.MethodRunner.runInSequence(MethodRunner.java:46)
at org.testng.internal.TestInvoker$MethodInvocationAgent.invoke(TestInvoker.java:824)
at org.testng.internal.TestInvoker.invokeTestMethods(TestInvoker.java:146)
at org.testng.internal.TestMethodWorker.invokeTestMethods(TestMethodWorker.java:146)
at org.testng.internal.TestMethodWorker.run(TestMethodWorker.java:128)
at java.base/java.util.concurrent.ThreadPoolExecutor.runWorker(ThreadPoolExecutor.java:1128)
at java.base/java.util.concurrent.ThreadPoolExecutor$Worker.run(ThreadPoolExecutor.java:628)
at java.base/java.lang.Thread.run(Thread.java:834)
]]>
    </failure>
  </testcase> <!-- test -->
  <system-out/>
</testsuite> <!-- com.tests.Regression.Inventory.AddItemToCartFromProductHomeTest -->
